ðŸš€ Starting optimized build for Zyro...
Running Gradle task 'assembleRelease'...                        
warning: [options] source value 8 is obsolete and will be removed in a future release
warning: [options] target value 8 is obsolete and will be removed in a future release
warning: [options] To suppress warnings about obsolete options, use -Xlint:-options.
Note: /home/pavana/.pub-cache/hosted/pub.dev/flutter_fgbg-0.6.0/android/src/main/java/com/ajinasokan/flutter_fgbg/FlutterFGBGPlugin.java uses or overrides a deprecated API.
Note: Recompile with -Xlint:deprecation for details.
3 warnings
lib/screens/streak_calendar_screen.dart:65:45: Error: Can't find '}' to match '{'.
        builder: (context, provider, child) {
                                            ^
Target kernel_snapshot_program failed: Exception


FAILURE: Build failed with an exception.

* What went wrong:
Execution failed for task ':app:compileFlutterBuildRelease'.
> Process 'command '/home/pavana/flutter/flutter/bin/flutter'' finished with non-zero exit value 1

* Try:
> Run with --stacktrace option to get the stack trace.
> Run with --info or --debug option to get more log output.
> Run with --scan to get full insights.
> Get more help at https://help.gradle.org.

BUILD FAILED in 22s
Running Gradle task 'assembleRelease'...                           22.8s
Gradle task assembleRelease failed with exit code 1
