ðŸš€ Starting optimized build for Zyro...
Running Gradle task 'assembleRelease'...                        
Warning: Flutter support for your project's Android Gradle Plugin version (Android Gradle Plugin version 8.2.1) will soon be dropped. Please upgrade your Android Gradle Plugin version to a version of at least Android Gradle Plugin version 8.6.0 soon.
Alternatively, use the flag "--android-skip-build-dependency-validation" to bypass this check.

Potential fix: Your project's AGP version is typically defined in the plugins block of the `settings.gradle` file (/home/pavana/project1/habit_flow/android/settings.gradle), by a plugin with the id of com.android.application. 
If you don't see a plugins block, your project was likely created with an older template version. In this case it is most likely defined in the top-level build.gradle file (/home/pavana/project1/habit_flow/android/build.gradle) by the following line in the dependencies block of the buildscript: "classpath 'com.android.tools.build:gradle:<version>'".

Warning: Flutter support for your project's Kotlin version (1.9.24) will soon be dropped. Please upgrade your Kotlin version to a version of at least 2.1.0 soon.
Alternatively, use the flag "--android-skip-build-dependency-validation" to bypass this check.

Potential fix: Your project's KGP version is typically defined in the plugins block of the `settings.gradle` file (/home/pavana/project1/habit_flow/android/settings.gradle), by a plugin with the id of org.jetbrains.kotlin.android. 
If you don't see a plugins block, your project was likely created with an older template version, in which case it is most likely defined in the top-level build.gradle file (/home/pavana/project1/habit_flow/android/build.gradle) by the ext.kotlin_version property.

lib/providers/habit_provider.dart:233:25: Error: Too many positional arguments: 2 allowed, but 3 found.
Try removing the extra positional arguments.
          .scheduleAlarm(habit.id.hashCode, scheduledTime, habit.alarmMode);
                        ^
lib/providers/habit_provider.dart:332:25: Error: Too many positional arguments: 2 allowed, but 3 found.
Try removing the extra positional arguments.
          .scheduleAlarm(task.id.hashCode, scheduledTime, task.alarmMode);
                        ^
Target kernel_snapshot_program failed: Exception


FAILURE: Build failed with an exception.

* What went wrong:
Execution failed for task ':app:compileFlutterBuildRelease'.
> Process 'command '/home/pavana/flutter/flutter/bin/flutter'' finished with non-zero exit value 1

* Try:
> Run with --stacktrace option to get the stack trace.
> Run with --info or --debug option to get more log output.
> Run with --scan to get full insights.
> Get more help at https://help.gradle.org.

BUILD FAILED in 8s
Running Gradle task 'assembleRelease'...                            8.5s
Gradle task assembleRelease failed with exit code 1
